[0.457s] Invoking command in '/home/tc/Programming/python/courses/own/ros2-python-examples/src/py_pubsub': CONDA_PROMPT_MODIFIER=(cam) PYTHONPATH=/home/tc/Programming/python/courses/own/ros2-python-examples/src/py_pubsub/install/py_pubsub/lib/python3.10/site-packages:${PYTHONPATH} /usr/bin/python3 setup.py egg_info --egg-base build/py_pubsub build --build-base /home/tc/Programming/python/courses/own/ros2-python-examples/src/py_pubsub/build/py_pubsub/build install --prefix /home/tc/Programming/python/courses/own/ros2-python-examples/src/py_pubsub/install/py_pubsub --record /home/tc/Programming/python/courses/own/ros2-python-examples/src/py_pubsub/build/py_pubsub/install.log --single-version-externally-managed
[0.638s] running egg_info
[0.639s] writing build/py_pubsub/py_pubsub.egg-info/PKG-INFO
[0.639s] writing dependency_links to build/py_pubsub/py_pubsub.egg-info/dependency_links.txt
[0.639s] writing entry points to build/py_pubsub/py_pubsub.egg-info/entry_points.txt
[0.639s] writing requirements to build/py_pubsub/py_pubsub.egg-info/requires.txt
[0.639s] writing top-level names to build/py_pubsub/py_pubsub.egg-info/top_level.txt
[0.641s] reading manifest file 'build/py_pubsub/py_pubsub.egg-info/SOURCES.txt'
[0.641s] writing manifest file 'build/py_pubsub/py_pubsub.egg-info/SOURCES.txt'
[0.641s] running build
[0.642s] running build_py
[0.642s] /usr/lib/python3/dist-packages/setuptools/command/install.py:34: SetuptoolsDeprecationWarning: setup.py install is deprecated. Use build and pip and other standards-based tools.
[0.642s]   warnings.warn(
[0.642s] running install
[0.642s] running install_lib
[0.642s] running install_data
[0.643s] running install_egg_info
[0.644s] removing '/home/tc/Programming/python/courses/own/ros2-python-examples/src/py_pubsub/install/py_pubsub/lib/python3.10/site-packages/py_pubsub-0.0.1-py3.10.egg-info' (and everything under it)
[0.644s] Copying build/py_pubsub/py_pubsub.egg-info to /home/tc/Programming/python/courses/own/ros2-python-examples/src/py_pubsub/install/py_pubsub/lib/python3.10/site-packages/py_pubsub-0.0.1-py3.10.egg-info
[0.644s] running install_scripts
[0.658s] writing list of installed files to '/home/tc/Programming/python/courses/own/ros2-python-examples/src/py_pubsub/build/py_pubsub/install.log'
[0.676s] Invoked command in '/home/tc/Programming/python/courses/own/ros2-python-examples/src/py_pubsub' returned '0': CONDA_PROMPT_MODIFIER=(cam) PYTHONPATH=/home/tc/Programming/python/courses/own/ros2-python-examples/src/py_pubsub/install/py_pubsub/lib/python3.10/site-packages:${PYTHONPATH} /usr/bin/python3 setup.py egg_info --egg-base build/py_pubsub build --build-base /home/tc/Programming/python/courses/own/ros2-python-examples/src/py_pubsub/build/py_pubsub/build install --prefix /home/tc/Programming/python/courses/own/ros2-python-examples/src/py_pubsub/install/py_pubsub --record /home/tc/Programming/python/courses/own/ros2-python-examples/src/py_pubsub/build/py_pubsub/install.log --single-version-externally-managed
