[0.462s] Invoking command in '/home/tc/Programming/python/courses/own/python-courses/python-private/examples/Ros2/src/py_pubsub': PYTHONPATH=/home/tc/Programming/python/courses/own/python-courses/python-private/examples/Ros2/src/py_pubsub/install/py_pubsub/lib/python3.10/site-packages:${PYTHONPATH} /usr/bin/python3 setup.py egg_info --egg-base build/py_pubsub build --build-base /home/tc/Programming/python/courses/own/python-courses/python-private/examples/Ros2/src/py_pubsub/build/py_pubsub/build install --prefix /home/tc/Programming/python/courses/own/python-courses/python-private/examples/Ros2/src/py_pubsub/install/py_pubsub --record /home/tc/Programming/python/courses/own/python-courses/python-private/examples/Ros2/src/py_pubsub/build/py_pubsub/install.log --single-version-externally-managed
[0.644s] running egg_info
[0.644s] writing build/py_pubsub/py_pubsub.egg-info/PKG-INFO
[0.645s] writing dependency_links to build/py_pubsub/py_pubsub.egg-info/dependency_links.txt
[0.645s] writing entry points to build/py_pubsub/py_pubsub.egg-info/entry_points.txt
[0.645s] writing requirements to build/py_pubsub/py_pubsub.egg-info/requires.txt
[0.645s] writing top-level names to build/py_pubsub/py_pubsub.egg-info/top_level.txt
[0.647s] reading manifest file 'build/py_pubsub/py_pubsub.egg-info/SOURCES.txt'
[0.647s] writing manifest file 'build/py_pubsub/py_pubsub.egg-info/SOURCES.txt'
[0.647s] running build
[0.648s] running build_py
[0.648s] running install
[0.648s] /usr/lib/python3/dist-packages/setuptools/command/install.py:34: SetuptoolsDeprecationWarning: setup.py install is deprecated. Use build and pip and other standards-based tools.
[0.648s]   warnings.warn(
[0.648s] running install_lib
[0.648s] running install_data
[0.649s] running install_egg_info
[0.650s] removing '/home/tc/Programming/python/courses/own/python-courses/python-private/examples/Ros2/src/py_pubsub/install/py_pubsub/lib/python3.10/site-packages/py_pubsub-0.0.1-py3.10.egg-info' (and everything under it)
[0.650s] Copying build/py_pubsub/py_pubsub.egg-info to /home/tc/Programming/python/courses/own/python-courses/python-private/examples/Ros2/src/py_pubsub/install/py_pubsub/lib/python3.10/site-packages/py_pubsub-0.0.1-py3.10.egg-info
[0.650s] running install_scripts
[0.664s] writing list of installed files to '/home/tc/Programming/python/courses/own/python-courses/python-private/examples/Ros2/src/py_pubsub/build/py_pubsub/install.log'
[0.682s] Invoked command in '/home/tc/Programming/python/courses/own/python-courses/python-private/examples/Ros2/src/py_pubsub' returned '0': PYTHONPATH=/home/tc/Programming/python/courses/own/python-courses/python-private/examples/Ros2/src/py_pubsub/install/py_pubsub/lib/python3.10/site-packages:${PYTHONPATH} /usr/bin/python3 setup.py egg_info --egg-base build/py_pubsub build --build-base /home/tc/Programming/python/courses/own/python-courses/python-private/examples/Ros2/src/py_pubsub/build/py_pubsub/build install --prefix /home/tc/Programming/python/courses/own/python-courses/python-private/examples/Ros2/src/py_pubsub/install/py_pubsub --record /home/tc/Programming/python/courses/own/python-courses/python-private/examples/Ros2/src/py_pubsub/build/py_pubsub/install.log --single-version-externally-managed
