[0.232s] DEBUG:colcon:Command line arguments: ['/usr/bin/colcon', 'build', '--packages-select', 'py_pubsub']
[0.232s] DEBUG:colcon:Parsed command line arguments: Namespace(log_base=None, log_level=None, verb_name='build', build_base='build', install_base='install', merge_install=False, symlink_install=False, test_result_base=None, continue_on_error=False, executor='parallel', parallel_workers=128, event_handlers=None, ignore_user_meta=False, metas=['./colcon.meta'], base_paths=['.'], packages_ignore=None, packages_ignore_regex=None, paths=None, packages_up_to=None, packages_up_to_regex=None, packages_above=None, packages_above_and_dependencies=None, packages_above_depth=None, packages_select_by_dep=None, packages_skip_by_dep=None, packages_skip_up_to=None, packages_select_build_failed=False, packages_skip_build_finished=False, packages_select_test_failures=False, packages_skip_test_passed=False, packages_select=['py_pubsub'], packages_skip=None, packages_select_regex=None, packages_skip_regex=None, packages_start=None, packages_end=None, allow_overriding=[], cmake_args=None, cmake_target=None, cmake_target_skip_unavailable=False, cmake_clean_cache=False, cmake_clean_first=False, cmake_force_configure=False, ament_cmake_args=None, catkin_cmake_args=None, catkin_skip_building_tests=False, verb_parser=<colcon_defaults.argument_parser.defaults.DefaultArgumentsDecorator object at 0x7fd47bfe4850>, verb_extension=<colcon_core.verb.build.BuildVerb object at 0x7fd47c8c4af0>, main=<bound method BuildVerb.main of <colcon_core.verb.build.BuildVerb object at 0x7fd47c8c4af0>>)
[0.255s] Level 1:colcon.colcon_core.package_discovery:discover_packages(colcon_meta) check parameters
[0.255s] Level 1:colcon.colcon_core.package_discovery:discover_packages(recursive) check parameters
[0.255s] Level 1:colcon.colcon_core.package_discovery:discover_packages(ignore) check parameters
[0.255s] Level 1:colcon.colcon_core.package_discovery:discover_packages(path) check parameters
[0.255s] Level 1:colcon.colcon_core.package_discovery:discover_packages(colcon_meta) discover
[0.255s] Level 1:colcon.colcon_core.package_discovery:discover_packages(recursive) discover
[0.255s] INFO:colcon.colcon_core.package_discovery:Crawling recursively for packages in '/home/tc/Programming/python/courses/own/ros2-python-examples/src/py_pubsub'
[0.255s] Level 1:colcon.colcon_core.package_identification:_identify(.) by extensions ['ignore', 'ignore_ament_install']
[0.255s] Level 1:colcon.colcon_core.package_identification:_identify(.) by extension 'ignore'
[0.255s] Level 1:colcon.colcon_core.package_identification:_identify(.) by extension 'ignore_ament_install'
[0.255s] Level 1:colcon.colcon_core.package_identification:_identify(.) by extensions ['colcon_pkg']
[0.255s] Level 1:colcon.colcon_core.package_identification:_identify(.) by extension 'colcon_pkg'
[0.255s] Level 1:colcon.colcon_core.package_identification:_identify(.) by extensions ['colcon_meta']
[0.255s] Level 1:colcon.colcon_core.package_identification:_identify(.) by extension 'colcon_meta'
[0.255s] Level 1:colcon.colcon_core.package_identification:_identify(.) by extensions ['ros']
[0.255s] Level 1:colcon.colcon_core.package_identification:_identify(.) by extension 'ros'
[0.264s] DEBUG:colcon.colcon_core.package_identification:Package '.' with type 'ros.ament_python' and name 'py_pubsub'
[0.264s] Level 1:colcon.colcon_core.package_discovery:discover_packages(recursive) using defaults
[0.264s] Level 1:colcon.colcon_core.package_discovery:discover_packages(ignore) discover
[0.264s] Level 1:colcon.colcon_core.package_discovery:discover_packages(ignore) using defaults
[0.264s] Level 1:colcon.colcon_core.package_discovery:discover_packages(path) discover
[0.264s] Level 1:colcon.colcon_core.package_discovery:discover_packages(path) using defaults
[0.280s] Level 1:colcon.colcon_core.package_discovery:discover_packages(prefix_path) check parameters
[0.280s] Level 1:colcon.colcon_core.package_discovery:discover_packages(prefix_path) discover
[0.282s] DEBUG:colcon.colcon_installed_package_information.package_discovery:Found 270 installed packages in /opt/ros/humble
[0.284s] Level 1:colcon.colcon_core.package_discovery:discover_packages(prefix_path) using defaults
[0.322s] Level 5:colcon.colcon_core.verb:set package 'py_pubsub' build argument 'cmake_args' from command line to 'None'
[0.322s] Level 5:colcon.colcon_core.verb:set package 'py_pubsub' build argument 'cmake_target' from command line to 'None'
[0.322s] Level 5:colcon.colcon_core.verb:set package 'py_pubsub' build argument 'cmake_target_skip_unavailable' from command line to 'False'
[0.322s] Level 5:colcon.colcon_core.verb:set package 'py_pubsub' build argument 'cmake_clean_cache' from command line to 'False'
[0.322s] Level 5:colcon.colcon_core.verb:set package 'py_pubsub' build argument 'cmake_clean_first' from command line to 'False'
[0.322s] Level 5:colcon.colcon_core.verb:set package 'py_pubsub' build argument 'cmake_force_configure' from command line to 'False'
[0.322s] Level 5:colcon.colcon_core.verb:set package 'py_pubsub' build argument 'ament_cmake_args' from command line to 'None'
[0.322s] Level 5:colcon.colcon_core.verb:set package 'py_pubsub' build argument 'catkin_cmake_args' from command line to 'None'
[0.322s] Level 5:colcon.colcon_core.verb:set package 'py_pubsub' build argument 'catkin_skip_building_tests' from command line to 'False'
[0.322s] DEBUG:colcon.colcon_core.verb:Building package 'py_pubsub' with the following arguments: {'ament_cmake_args': None, 'build_base': '/home/tc/Programming/python/courses/own/ros2-python-examples/src/py_pubsub/build/py_pubsub', 'catkin_cmake_args': None, 'catkin_skip_building_tests': False, 'cmake_args': None, 'cmake_clean_cache': False, 'cmake_clean_first': False, 'cmake_force_configure': False, 'cmake_target': None, 'cmake_target_skip_unavailable': False, 'install_base': '/home/tc/Programming/python/courses/own/ros2-python-examples/src/py_pubsub/install/py_pubsub', 'merge_install': False, 'path': '/home/tc/Programming/python/courses/own/ros2-python-examples/src/py_pubsub', 'symlink_install': False, 'test_result_base': None}
[0.323s] INFO:colcon.colcon_core.executor:Executing jobs using 'parallel' executor
[0.326s] DEBUG:colcon.colcon_parallel_executor.executor.parallel:run_until_complete
[0.326s] INFO:colcon.colcon_ros.task.ament_python.build:Building ROS package in '/home/tc/Programming/python/courses/own/ros2-python-examples/src/py_pubsub' with build type 'ament_python'
[0.326s] Level 1:colcon.colcon_core.shell:create_environment_hook('py_pubsub', 'ament_prefix_path')
[0.329s] INFO:colcon.colcon_core.plugin_system:Skipping extension 'colcon_core.shell.bat': Not used on non-Windows systems
[0.329s] INFO:colcon.colcon_core.shell:Creating environment hook '/home/tc/Programming/python/courses/own/ros2-python-examples/src/py_pubsub/install/py_pubsub/share/py_pubsub/hook/ament_prefix_path.ps1'
[0.330s] INFO:colcon.colcon_core.shell:Creating environment descriptor '/home/tc/Programming/python/courses/own/ros2-python-examples/src/py_pubsub/install/py_pubsub/share/py_pubsub/hook/ament_prefix_path.dsv'
[0.330s] INFO:colcon.colcon_core.shell:Creating environment hook '/home/tc/Programming/python/courses/own/ros2-python-examples/src/py_pubsub/install/py_pubsub/share/py_pubsub/hook/ament_prefix_path.sh'
[0.331s] INFO:colcon.colcon_core.shell:Skip shell extension 'powershell' for command environment: Not usable outside of PowerShell
[0.331s] DEBUG:colcon.colcon_core.shell:Skip shell extension 'dsv' for command environment
[0.527s] INFO:colcon.colcon_core.task.python.build:Building Python package in '/home/tc/Programming/python/courses/own/ros2-python-examples/src/py_pubsub'
[0.528s] INFO:colcon.colcon_core.shell:Skip shell extension 'powershell' for command environment: Not usable outside of PowerShell
[0.528s] DEBUG:colcon.colcon_core.shell:Skip shell extension 'dsv' for command environment
[0.785s] DEBUG:colcon.colcon_core.event_handler.log_command:Invoking command in '/home/tc/Programming/python/courses/own/ros2-python-examples/src/py_pubsub': CONDA_PROMPT_MODIFIER=(cam) PYTHONPATH=/home/tc/Programming/python/courses/own/ros2-python-examples/src/py_pubsub/install/py_pubsub/lib/python3.10/site-packages:${PYTHONPATH} /usr/bin/python3 setup.py egg_info --egg-base build/py_pubsub build --build-base /home/tc/Programming/python/courses/own/ros2-python-examples/src/py_pubsub/build/py_pubsub/build install --prefix /home/tc/Programming/python/courses/own/ros2-python-examples/src/py_pubsub/install/py_pubsub --record /home/tc/Programming/python/courses/own/ros2-python-examples/src/py_pubsub/build/py_pubsub/install.log --single-version-externally-managed
[1.003s] DEBUG:colcon.colcon_core.event_handler.log_command:Invoked command in '/home/tc/Programming/python/courses/own/ros2-python-examples/src/py_pubsub' returned '0': CONDA_PROMPT_MODIFIER=(cam) PYTHONPATH=/home/tc/Programming/python/courses/own/ros2-python-examples/src/py_pubsub/install/py_pubsub/lib/python3.10/site-packages:${PYTHONPATH} /usr/bin/python3 setup.py egg_info --egg-base build/py_pubsub build --build-base /home/tc/Programming/python/courses/own/ros2-python-examples/src/py_pubsub/build/py_pubsub/build install --prefix /home/tc/Programming/python/courses/own/ros2-python-examples/src/py_pubsub/install/py_pubsub --record /home/tc/Programming/python/courses/own/ros2-python-examples/src/py_pubsub/build/py_pubsub/install.log --single-version-externally-managed
[1.008s] Level 1:colcon.colcon_core.environment:checking '/home/tc/Programming/python/courses/own/ros2-python-examples/src/py_pubsub/install/py_pubsub' for CMake module files
[1.008s] Level 1:colcon.colcon_core.environment:checking '/home/tc/Programming/python/courses/own/ros2-python-examples/src/py_pubsub/install/py_pubsub' for CMake config files
[1.009s] Level 1:colcon.colcon_core.environment:checking '/home/tc/Programming/python/courses/own/ros2-python-examples/src/py_pubsub/install/py_pubsub/lib'
[1.009s] Level 1:colcon.colcon_core.environment:checking '/home/tc/Programming/python/courses/own/ros2-python-examples/src/py_pubsub/install/py_pubsub/bin'
[1.010s] Level 1:colcon.colcon_core.environment:checking '/home/tc/Programming/python/courses/own/ros2-python-examples/src/py_pubsub/install/py_pubsub/lib/pkgconfig/py_pubsub.pc'
[1.010s] Level 1:colcon.colcon_core.environment:checking '/home/tc/Programming/python/courses/own/ros2-python-examples/src/py_pubsub/install/py_pubsub/lib/python3.10/site-packages'
[1.010s] Level 1:colcon.colcon_core.shell:create_environment_hook('py_pubsub', 'pythonpath')
[1.012s] INFO:colcon.colcon_core.shell:Creating environment hook '/home/tc/Programming/python/courses/own/ros2-python-examples/src/py_pubsub/install/py_pubsub/share/py_pubsub/hook/pythonpath.ps1'
[1.012s] INFO:colcon.colcon_core.shell:Creating environment descriptor '/home/tc/Programming/python/courses/own/ros2-python-examples/src/py_pubsub/install/py_pubsub/share/py_pubsub/hook/pythonpath.dsv'
[1.012s] INFO:colcon.colcon_core.shell:Creating environment hook '/home/tc/Programming/python/courses/own/ros2-python-examples/src/py_pubsub/install/py_pubsub/share/py_pubsub/hook/pythonpath.sh'
[1.013s] Level 1:colcon.colcon_core.environment:checking '/home/tc/Programming/python/courses/own/ros2-python-examples/src/py_pubsub/install/py_pubsub/bin'
[1.013s] Level 1:colcon.colcon_core.environment:create_environment_scripts_only(py_pubsub)
[1.015s] INFO:colcon.colcon_core.shell:Creating package script '/home/tc/Programming/python/courses/own/ros2-python-examples/src/py_pubsub/install/py_pubsub/share/py_pubsub/package.ps1'
[1.016s] INFO:colcon.colcon_core.shell:Creating package descriptor '/home/tc/Programming/python/courses/own/ros2-python-examples/src/py_pubsub/install/py_pubsub/share/py_pubsub/package.dsv'
[1.016s] INFO:colcon.colcon_core.shell:Creating package script '/home/tc/Programming/python/courses/own/ros2-python-examples/src/py_pubsub/install/py_pubsub/share/py_pubsub/package.sh'
[1.017s] INFO:colcon.colcon_core.shell:Creating package script '/home/tc/Programming/python/courses/own/ros2-python-examples/src/py_pubsub/install/py_pubsub/share/py_pubsub/package.bash'
[1.018s] INFO:colcon.colcon_core.shell:Creating package script '/home/tc/Programming/python/courses/own/ros2-python-examples/src/py_pubsub/install/py_pubsub/share/py_pubsub/package.zsh'
[1.019s] Level 1:colcon.colcon_core.environment:create_file_with_runtime_dependencies(/home/tc/Programming/python/courses/own/ros2-python-examples/src/py_pubsub/install/py_pubsub/share/colcon-core/packages/py_pubsub)
[1.019s] DEBUG:colcon.colcon_parallel_executor.executor.parallel:closing loop
[1.020s] DEBUG:colcon.colcon_parallel_executor.executor.parallel:loop closed
[1.020s] DEBUG:colcon.colcon_parallel_executor.executor.parallel:run_until_complete finished with '0'
[1.020s] DEBUG:colcon.colcon_core.event_reactor:joining thread
[1.028s] INFO:colcon.colcon_core.plugin_system:Skipping extension 'colcon_notification.desktop_notification.terminal_notifier': Not used on non-Darwin systems
[1.028s] INFO:colcon.colcon_core.plugin_system:Skipping extension 'colcon_notification.desktop_notification.win32': Not used on non-Windows systems
[1.028s] INFO:colcon.colcon_notification.desktop_notification:Sending desktop notification using 'notify2'
[1.047s] DEBUG:colcon.colcon_core.event_reactor:joined thread
[1.048s] INFO:colcon.colcon_core.shell:Creating prefix script '/home/tc/Programming/python/courses/own/ros2-python-examples/src/py_pubsub/install/local_setup.ps1'
[1.049s] INFO:colcon.colcon_core.shell:Creating prefix util module '/home/tc/Programming/python/courses/own/ros2-python-examples/src/py_pubsub/install/_local_setup_util_ps1.py'
[1.049s] INFO:colcon.colcon_core.shell:Creating prefix chain script '/home/tc/Programming/python/courses/own/ros2-python-examples/src/py_pubsub/install/setup.ps1'
[1.050s] INFO:colcon.colcon_core.shell:Creating prefix script '/home/tc/Programming/python/courses/own/ros2-python-examples/src/py_pubsub/install/local_setup.sh'
[1.052s] INFO:colcon.colcon_core.shell:Creating prefix util module '/home/tc/Programming/python/courses/own/ros2-python-examples/src/py_pubsub/install/_local_setup_util_sh.py'
[1.052s] INFO:colcon.colcon_core.shell:Creating prefix chain script '/home/tc/Programming/python/courses/own/ros2-python-examples/src/py_pubsub/install/setup.sh'
[1.053s] INFO:colcon.colcon_core.shell:Creating prefix script '/home/tc/Programming/python/courses/own/ros2-python-examples/src/py_pubsub/install/local_setup.bash'
[1.054s] INFO:colcon.colcon_core.shell:Creating prefix chain script '/home/tc/Programming/python/courses/own/ros2-python-examples/src/py_pubsub/install/setup.bash'
[1.054s] INFO:colcon.colcon_core.shell:Creating prefix script '/home/tc/Programming/python/courses/own/ros2-python-examples/src/py_pubsub/install/local_setup.zsh'
[1.055s] INFO:colcon.colcon_core.shell:Creating prefix chain script '/home/tc/Programming/python/courses/own/ros2-python-examples/src/py_pubsub/install/setup.zsh'
